13:47:20.169 [main] INFO  - ---- TestCase_01_EnteringRequiredValuesInHomePage Started ----
13:47:24.592 [main] INFO  - ---- TestCase_01_EnteringRequiredValuesInHomePage Ended ----
13:47:24.933 [main] INFO  - ---- TestCase_02_DisplayingTheEMIPaymentTable Started ----
13:47:28.280 [main] INFO  - ---- TestCase_02_DisplayingTheEMIPaymentTable Ended ----
13:48:06.303 [main] INFO  - ---- TestCase_13_LoanAmtCalculator_ValidatingEMITextBoxAndSlider Started ----
13:48:06.474 [main] INFO  - ---- TestCase_13_LoanAmtCalculator_ValidatingEMITextBoxAndSlider Ended ----
13:48:06.753 [main] INFO  - ---- TestCase_14_LoanAmtCalculator_ValidatingInterestRateTextBoxAndSlider Started ----
13:48:06.956 [main] INFO  - ---- TestCase_14_LoanAmtCalculator_ValidatingInterestRateTextBoxAndSlider Ended ----
13:48:07.171 [main] INFO  - ---- TestCase_15_LoanAmtCalculator_ScaleChangeForInterestRateTextBoxAndSlider Started ----
13:48:08.278 [main] INFO  - ---- TestCase_15_LoanAmtCalculator_ScaleChangeForInterestRateTextBoxAndSlider Ended ----
13:48:08.539 [main] INFO  - ---- TestCase_16_LoanAmtCalculator_ValidatingLoanTenureTextBoxAndSlider Started ----
13:48:08.709 [main] INFO  - ---- TestCase_16_LoanAmtCalculator_ValidatingLoanTenureTextBoxAndSlider Ended ----
13:48:09.004 [main] INFO  - ---- TestCase_17_LoanAmtCalculator_ScaleChangeForLoanTenureTextBoxAndSlider Started ----
13:48:10.160 [main] INFO  - ---- TestCase_17_LoanAmtCalculator_ScaleChangeForLoanTenureTextBoxAndSlider Ended ----
13:48:10.387 [main] INFO  - ---- TestCase_18_LoanAmtCalculator_ValidatingFeesAndChargesTextBoxAndSlider Started ----
13:48:10.539 [main] INFO  - ---- TestCase_18_LoanAmtCalculator_ValidatingFeesAndChargesTextBoxAndSlider Ended ----
13:48:10.773 [main] INFO  - ---- TestCase_19_LoanAmtCalculator_ValidationForYearAndMonthOption Started ----
13:48:10.907 [main] INFO  - ---- TestCase_19_LoanAmtCalculator_ValidationForYearAndMonthOption Ended ----
13:48:11.123 [main] INFO  - ---- TestCase_20_LoanAmtCalculator_ScaleChangeForFeesAndChargesTextBoxAndSlider Started ----
13:48:12.555 [main] INFO  - ---- TestCase_20_LoanAmtCalculator_ScaleChangeForFeesAndChargesTextBoxAndSlider Ended ----
13:50:01.831 [main] INFO  - ---- TestCase_21_LoanTenureCalculator_ValidatingLoanAmountTextBoxAndSlider Started ----
13:50:02.080 [main] INFO  - ---- TestCase_21_LoanTenureCalculator_ValidatingLoanAmountTextBoxAndSlider Ended ----
13:50:02.406 [main] INFO  - ---- TestCase_22_LoanTenureCalculator_ScaleChangeForLoanAmountTextBoxAndSlider Started ----
13:50:03.582 [main] INFO  - ---- TestCase_22_LoanTenureCalculator_ScaleChangeForLoanAmountTextBoxAndSlider Ended ----
13:50:03.835 [main] INFO  - ---- TestCase_23_LoanTenureCalculator_ValidatingEMITextBoxAndSlider Started ----
13:50:04.041 [main] INFO  - ---- TestCase_23_LoanTenureCalculator_ValidatingEMITextBoxAndSlider Ended ----
13:50:04.292 [main] INFO  - ---- TestCase_24_LoanTenureCalculator_ValidatingInterestRateTextBoxAndSlider Started ----
13:50:04.465 [main] INFO  - ---- TestCase_24_LoanTenureCalculator_ValidatingInterestRateTextBoxAndSlider Ended ----
13:50:04.862 [main] INFO  - ---- TestCase_25_LoanTenureCalculator_ScaleChangeForInterestRateTextBoxAndSlider Started ----
13:50:06.125 [main] INFO  - ---- TestCase_25_LoanTenureCalculator_ScaleChangeForInterestRateTextBoxAndSlider Ended ----
13:50:06.362 [main] INFO  - ---- TestCase_26_LoanTenureCalculator_ValidatingFeesAndChargesTextBoxAndSlider Started ----
13:50:06.574 [main] INFO  - ---- TestCase_26_LoanTenureCalculator_ValidatingFeesAndChargesTextBoxAndSlider Ended ----
13:50:06.786 [main] INFO  - ---- TestCase_27_LoanTenureCalculator_ScaleChangeForFeesAndChargesTextBoxAndSlider Started ----
13:50:07.920 [main] INFO  - ---- TestCase_27_LoanTenureCalculator_ScaleChangeForFeesAndChargesTextBoxAndSlider Ended ----
